Symbol range map extraction starting
Processing 114 files
processing me\sleepyfish\rat\ForgeInit.java
processing me\sleepyfish\rat\ModLoadingPlugin.java
processing me\sleepyfish\rat\Rat.java
processing me\sleepyfish\rat\event\EventBlockShouldSideBeRendered.java
processing me\sleepyfish\rat\event\EventCameraRotation.java
processing me\sleepyfish\rat\event\EventOnRenderBlockLayer.java
processing me\sleepyfish\rat\event\EventPlayerHeadRotation.java
processing me\sleepyfish\rat\event\EventPotionUpdate.java
processing me\sleepyfish\rat\event\EventRenderEntity.java
processing me\sleepyfish\rat\event\EventRenderEntityEffect.java
processing me\sleepyfish\rat\event\EventRenderHitbox.java
processing me\sleepyfish\rat\event\EventRenderItemOnGround.java
processing me\sleepyfish\rat\event\EventRenderParticle.java
processing me\sleepyfish\rat\event\function\ArrayHelper.java
processing me\sleepyfish\rat\event\function\Event.java
processing me\sleepyfish\rat\event\function\EventHelp.java
processing me\sleepyfish\rat\event\function\EventManager.java
processing me\sleepyfish\rat\event\function\EventPriority.java
processing me\sleepyfish\rat\event\function\RatEvent.java
processing me\sleepyfish\rat\gui\GuiChangelog.java
processing me\sleepyfish\rat\gui\GuiMainRat.java
processing me\sleepyfish\rat\gui\GuiManager.java
processing me\sleepyfish\rat\gui\clickgui\GuiRatConfig.java
processing me\sleepyfish\rat\gui\clickgui\GuiRatCosmetic.java
processing me\sleepyfish\rat\gui\clickgui\GuiRatEmote.java
processing me\sleepyfish\rat\gui\clickgui\GuiRatModuleMenu.java
processing me\sleepyfish\rat\gui\clickgui\GuiRatModuleMove.java
processing me\sleepyfish\rat\mixin\MixinAbstractClientPlayer.java
processing me\sleepyfish\rat\mixin\MixinEntityLivingBase.java
processing me\sleepyfish\rat\mixin\MixinEntityRenderer.java
processing me\sleepyfish\rat\mixin\MixinMinecraft.java
processing me\sleepyfish\rat\mixin\MixinMinecraftFixEarlyCrashNoReports.java
processing me\sleepyfish\rat\mixin\MixinRendererLivingEntity.java
processing me\sleepyfish\rat\mixin\animation\MixinRendererLivingEntity.java
processing me\sleepyfish\rat\mixin\culling\MixinBlock.java
processing me\sleepyfish\rat\mixin\culling\MixinRenderGlobal.java
processing me\sleepyfish\rat\mixin\culling\MixinRenderManager.java
processing me\sleepyfish\rat\mixin\culling\effects\MixinEffectRenderer.java
processing me\sleepyfish\rat\mixin\culling\effects\MixinEntityParticleEmitter.java
processing me\sleepyfish\rat\mixin\gui\MixinGuiChat.java
processing me\sleepyfish\rat\mixin\gui\MixinGuiContainer.java
processing me\sleepyfish\rat\mixin\gui\MixinGuiIngame.java
processing me\sleepyfish\rat\mixin\gui\MixinGuiInventory.java
processing me\sleepyfish\rat\mixin\gui\MixinGuiMainMenu.java
processing me\sleepyfish\rat\mixin\gui\MixinGuiNewChat.java
processing me\sleepyfish\rat\modules\Module.java
processing me\sleepyfish\rat\modules\ModuleManager.java
processing me\sleepyfish\rat\modules\cheat\Clicker.java
processing me\sleepyfish\rat\modules\cheat\Eagle.java
processing me\sleepyfish\rat\modules\cheat\FastPlace.java
processing me\sleepyfish\rat\modules\cheat\FruitBridgeAssist.java
processing me\sleepyfish\rat\modules\cheat\TriggerBot.java
processing me\sleepyfish\rat\modules\hud\CPSCounter.java
processing me\sleepyfish\rat\modules\hud\Coordinates.java
processing me\sleepyfish\rat\modules\hud\Counter.java
processing me\sleepyfish\rat\modules\hud\FpsCounter.java
processing me\sleepyfish\rat\modules\hud\Keystrokes.java
processing me\sleepyfish\rat\modules\hud\NameDisplay.java
processing me\sleepyfish\rat\modules\hud\Ping.java
processing me\sleepyfish\rat\modules\hud\ServerIp.java
processing me\sleepyfish\rat\modules\hud\ToggleSprint.java
processing me\sleepyfish\rat\modules\impl\Animations.java
processing me\sleepyfish\rat\modules\impl\BossBar.java
processing me\sleepyfish\rat\modules\impl\Chat.java
processing me\sleepyfish\rat\modules\impl\Crosshair.java
processing me\sleepyfish\rat\modules\impl\FreeMouse.java
processing me\sleepyfish\rat\modules\impl\Freelook.java
processing me\sleepyfish\rat\modules\impl\Fullbright.java
processing me\sleepyfish\rat\modules\impl\Hitdelay.java
processing me\sleepyfish\rat\modules\impl\Hotbar.java
processing me\sleepyfish\rat\modules\impl\Nametags.java
processing me\sleepyfish\rat\modules\impl\Performance.java
processing me\sleepyfish\rat\modules\impl\SettingModule.java
processing me\sleepyfish\rat\modules\impl\Tablist.java
processing me\sleepyfish\rat\modules\impl\Zoom.java
processing me\sleepyfish\rat\modules\settings\Setting.java
processing me\sleepyfish\rat\modules\settings\impl\KeybindSetting.java
processing me\sleepyfish\rat\modules\settings\impl\SliderSetting.java
processing me\sleepyfish\rat\modules\settings\impl\ToggleSetting.java
processing me\sleepyfish\rat\utils\config\ClientConfig.java
processing me\sleepyfish\rat\utils\config\Config.java
processing me\sleepyfish\rat\utils\config\ConfigManager.java
processing me\sleepyfish\rat\utils\cosmetics\CosmeticManager.java
processing me\sleepyfish\rat\utils\cosmetics\CosmeticServerUtil.java
processing me\sleepyfish\rat\utils\cosmetics\impl\Cosmetic.java
processing me\sleepyfish\rat\utils\cosmetics\impl\capes\Cape.java
processing me\sleepyfish\rat\utils\cosmetics\impl\emotes\Emote.java
processing me\sleepyfish\rat\utils\interfaces\IMixinEntityLivingBase.java
processing me\sleepyfish\rat\utils\misc\BotUtils.java
processing me\sleepyfish\rat\utils\misc\FieldSearcherUtils.java
processing me\sleepyfish\rat\utils\misc\InjectionUtils.java
processing me\sleepyfish\rat\utils\misc\InputUtils.java
processing me\sleepyfish\rat\utils\misc\MinecraftUtils.java
processing me\sleepyfish\rat\utils\misc\PlayerUtils.java
processing me\sleepyfish\rat\utils\misc\SoundUtils.java
processing me\sleepyfish\rat\utils\misc\TimerUtils.java
processing me\sleepyfish\rat\utils\misc\WindowsUtils.java
processing me\sleepyfish\rat\utils\render\ColorUtils.java
processing me\sleepyfish\rat\utils\render\GlUtils.java
processing me\sleepyfish\rat\utils\render\GuiUtils.java
processing me\sleepyfish\rat\utils\render\RenderUtils.java
processing me\sleepyfish\rat\utils\render\ShaderUtils.java
processing me\sleepyfish\rat\utils\render\animations\normal\Animation.java
processing me\sleepyfish\rat\utils\render\animations\normal\Direction.java
processing me\sleepyfish\rat\utils\render\animations\normal\impl\DecelerateAnimation.java
processing me\sleepyfish\rat\utils\render\animations\normal\impl\EaseBackIn.java
processing me\sleepyfish\rat\utils\render\animations\normal\impl\EaseInOutQuad.java
processing me\sleepyfish\rat\utils\render\animations\simple\AnimationUtils.java
processing me\sleepyfish\rat\utils\render\animations\simple\SimpleAnimation.java
processing me\sleepyfish\rat\utils\render\animations\snowflake\RenderSnowflakes.java
processing me\sleepyfish\rat\utils\render\font\CFont.java
processing me\sleepyfish\rat\utils\render\font\FontUtils.java
processing me\sleepyfish\rat\utils\render\font\MinecraftFontRenderer.java
processing me\sleepyfish\rat\utils\user\RatUserUtil.java
